<?xml version="1.0" encoding="UTF-8"?>
<!-- Generated by org.testng.reporters.JUnitReportReporter -->
<testsuite hostname="DESKTOP-U5TU676" failures="0" tests="1" name="motor.login" time="7.471" errors="0" timestamp="2025-01-06T18:59:34 IST" skipped="0">
  <testcase classname="motor.login" name="loginandlogout" time="7.471"/>
</testsuite> <!-- motor.login -->
